<?xml version="1.0" encoding="UTF-8"?>
<testsuite xmlns:xsi="http://www.w3.org/2001/XMLSchema-instance" xsi:noNamespaceSchemaLocation="https://maven.apache.org/surefire/maven-surefire-plugin/xsd/surefire-test-report.xsd" version="3.0.2" name="se.oidc.oidfed.md.wallet.credentialissuer.WalletOAuthClientMetadataTest" time="0.261" tests="3" errors="0" skipped="0" failures="0">
  <properties>
    <property name="java.specification.version" value="21"/>
    <property name="sun.jnu.encoding" value="UTF-8"/>
    <property name="java.class.path" value="/Users/stefan/GitHub/oidc-sweden/openid-federation-metadata/wallet-entities/target/test-classes:/Users/stefan/GitHub/oidc-sweden/openid-federation-metadata/wallet-entities/target/classes:/Users/stefan/GitHub/oidc-sweden/openid-federation-metadata/metadata-base/target/metadata-base-1.0.0.jar:/Users/stefan/.m2/repository/org/bouncycastle/bcpkix-jdk18on/1.79/bcpkix-jdk18on-1.79.jar:/Users/stefan/.m2/repository/org/bouncycastle/bcutil-jdk18on/1.79/bcutil-jdk18on-1.79.jar:/Users/stefan/.m2/repository/com/fasterxml/jackson/core/jackson-annotations/2.18.2/jackson-annotations-2.18.2.jar:/Users/stefan/.m2/repository/com/fasterxml/jackson/core/jackson-core/2.18.2/jackson-core-2.18.2.jar:/Users/stefan/.m2/repository/com/nimbusds/nimbus-jose-jwt/10.0.1/nimbus-jose-jwt-10.0.1.jar:/Users/stefan/.m2/repository/org/apache/commons/commons-lang3/3.17.0/commons-lang3-3.17.0.jar:/Users/stefan/.m2/repository/org/apache/commons/commons-collections4/4.4/commons-collections4-4.4.jar:/Users/stefan/.m2/repository/com/fasterxml/jackson/core/jackson-databind/2.18.2/jackson-databind-2.18.2.jar:/Users/stefan/.m2/repository/org/skyscreamer/jsonassert/1.5.3/jsonassert-1.5.3.jar:/Users/stefan/.m2/repository/com/vaadin/external/google/android-json/0.0.20131108.vaadin1/android-json-0.0.20131108.vaadin1.jar:/Users/stefan/.m2/repository/jakarta/annotation/jakarta.annotation-api/3.0.0/jakarta.annotation-api-3.0.0.jar:/Users/stefan/.m2/repository/org/slf4j/slf4j-api/2.0.16/slf4j-api-2.0.16.jar:/Users/stefan/.m2/repository/org/projectlombok/lombok/1.18.36/lombok-1.18.36.jar:/Users/stefan/.m2/repository/org/junit/jupiter/junit-jupiter/5.11.3/junit-jupiter-5.11.3.jar:/Users/stefan/.m2/repository/org/junit/jupiter/junit-jupiter-api/5.11.3/junit-jupiter-api-5.11.3.jar:/Users/stefan/.m2/repository/org/opentest4j/opentest4j/1.3.0/opentest4j-1.3.0.jar:/Users/stefan/.m2/repository/org/junit/platform/junit-platform-commons/1.11.3/junit-platform-commons-1.11.3.jar:/Users/stefan/.m2/repository/org/apiguardian/apiguardian-api/1.1.2/apiguardian-api-1.1.2.jar:/Users/stefan/.m2/repository/org/junit/jupiter/junit-jupiter-params/5.11.3/junit-jupiter-params-5.11.3.jar:/Users/stefan/.m2/repository/org/junit/jupiter/junit-jupiter-engine/5.11.3/junit-jupiter-engine-5.11.3.jar:/Users/stefan/.m2/repository/org/junit/platform/junit-platform-engine/1.11.3/junit-platform-engine-1.11.3.jar:/Users/stefan/.m2/repository/org/mockito/mockito-core/5.14.2/mockito-core-5.14.2.jar:/Users/stefan/.m2/repository/net/bytebuddy/byte-buddy/1.15.4/byte-buddy-1.15.4.jar:/Users/stefan/.m2/repository/net/bytebuddy/byte-buddy-agent/1.15.4/byte-buddy-agent-1.15.4.jar:/Users/stefan/.m2/repository/org/objenesis/objenesis/3.3/objenesis-3.3.jar:/Users/stefan/.m2/repository/org/slf4j/slf4j-simple/2.0.16/slf4j-simple-2.0.16.jar:/Users/stefan/.m2/repository/se/swedenconnect/security/credentials-support/2.0.1/credentials-support-2.0.1.jar:/Users/stefan/.m2/repository/org/cryptacular/cryptacular/1.2.7/cryptacular-1.2.7.jar:/Users/stefan/.m2/repository/org/bouncycastle/bcprov-jdk18on/1.79/bcprov-jdk18on-1.79.jar:"/>
    <property name="java.vm.vendor" value="Homebrew"/>
    <property name="sun.arch.data.model" value="64"/>
    <property name="java.vendor.url" value="https://github.com/Homebrew/homebrew-core/issues"/>
    <property name="user.timezone" value="Europe/Stockholm"/>
    <property name="os.name" value="Mac OS X"/>
    <property name="java.vm.specification.version" value="21"/>
    <property name="sun.java.launcher" value="SUN_STANDARD"/>
    <property name="user.country" value="SE"/>
    <property name="sun.boot.library.path" value="/opt/homebrew/Cellar/openjdk/21.0.2/libexec/openjdk.jdk/Contents/Home/lib"/>
    <property name="sun.java.command" value="/Users/stefan/GitHub/oidc-sweden/openid-federation-metadata/wallet-entities/target/surefire/surefirebooter-20250112093048619_8.jar /Users/stefan/GitHub/oidc-sweden/openid-federation-metadata/wallet-entities/target/surefire 2025-01-12T09-30-45_750-jvmRun1 surefire-20250112093048619_6tmp surefire_1-20250112093048619_7tmp"/>
    <property name="jdk.debug" value="release"/>
    <property name="surefire.test.class.path" value="/Users/stefan/GitHub/oidc-sweden/openid-federation-metadata/wallet-entities/target/test-classes:/Users/stefan/GitHub/oidc-sweden/openid-federation-metadata/wallet-entities/target/classes:/Users/stefan/GitHub/oidc-sweden/openid-federation-metadata/metadata-base/target/metadata-base-1.0.0.jar:/Users/stefan/.m2/repository/org/bouncycastle/bcpkix-jdk18on/1.79/bcpkix-jdk18on-1.79.jar:/Users/stefan/.m2/repository/org/bouncycastle/bcutil-jdk18on/1.79/bcutil-jdk18on-1.79.jar:/Users/stefan/.m2/repository/com/fasterxml/jackson/core/jackson-annotations/2.18.2/jackson-annotations-2.18.2.jar:/Users/stefan/.m2/repository/com/fasterxml/jackson/core/jackson-core/2.18.2/jackson-core-2.18.2.jar:/Users/stefan/.m2/repository/com/nimbusds/nimbus-jose-jwt/10.0.1/nimbus-jose-jwt-10.0.1.jar:/Users/stefan/.m2/repository/org/apache/commons/commons-lang3/3.17.0/commons-lang3-3.17.0.jar:/Users/stefan/.m2/repository/org/apache/commons/commons-collections4/4.4/commons-collections4-4.4.jar:/Users/stefan/.m2/repository/com/fasterxml/jackson/core/jackson-databind/2.18.2/jackson-databind-2.18.2.jar:/Users/stefan/.m2/repository/org/skyscreamer/jsonassert/1.5.3/jsonassert-1.5.3.jar:/Users/stefan/.m2/repository/com/vaadin/external/google/android-json/0.0.20131108.vaadin1/android-json-0.0.20131108.vaadin1.jar:/Users/stefan/.m2/repository/jakarta/annotation/jakarta.annotation-api/3.0.0/jakarta.annotation-api-3.0.0.jar:/Users/stefan/.m2/repository/org/slf4j/slf4j-api/2.0.16/slf4j-api-2.0.16.jar:/Users/stefan/.m2/repository/org/projectlombok/lombok/1.18.36/lombok-1.18.36.jar:/Users/stefan/.m2/repository/org/junit/jupiter/junit-jupiter/5.11.3/junit-jupiter-5.11.3.jar:/Users/stefan/.m2/repository/org/junit/jupiter/junit-jupiter-api/5.11.3/junit-jupiter-api-5.11.3.jar:/Users/stefan/.m2/repository/org/opentest4j/opentest4j/1.3.0/opentest4j-1.3.0.jar:/Users/stefan/.m2/repository/org/junit/platform/junit-platform-commons/1.11.3/junit-platform-commons-1.11.3.jar:/Users/stefan/.m2/repository/org/apiguardian/apiguardian-api/1.1.2/apiguardian-api-1.1.2.jar:/Users/stefan/.m2/repository/org/junit/jupiter/junit-jupiter-params/5.11.3/junit-jupiter-params-5.11.3.jar:/Users/stefan/.m2/repository/org/junit/jupiter/junit-jupiter-engine/5.11.3/junit-jupiter-engine-5.11.3.jar:/Users/stefan/.m2/repository/org/junit/platform/junit-platform-engine/1.11.3/junit-platform-engine-1.11.3.jar:/Users/stefan/.m2/repository/org/mockito/mockito-core/5.14.2/mockito-core-5.14.2.jar:/Users/stefan/.m2/repository/net/bytebuddy/byte-buddy/1.15.4/byte-buddy-1.15.4.jar:/Users/stefan/.m2/repository/net/bytebuddy/byte-buddy-agent/1.15.4/byte-buddy-agent-1.15.4.jar:/Users/stefan/.m2/repository/org/objenesis/objenesis/3.3/objenesis-3.3.jar:/Users/stefan/.m2/repository/org/slf4j/slf4j-simple/2.0.16/slf4j-simple-2.0.16.jar:/Users/stefan/.m2/repository/se/swedenconnect/security/credentials-support/2.0.1/credentials-support-2.0.1.jar:/Users/stefan/.m2/repository/org/cryptacular/cryptacular/1.2.7/cryptacular-1.2.7.jar:/Users/stefan/.m2/repository/org/bouncycastle/bcprov-jdk18on/1.79/bcprov-jdk18on-1.79.jar:"/>
    <property name="sun.cpu.endian" value="little"/>
    <property name="user.home" value="/Users/stefan"/>
    <property name="user.language" value="en"/>
    <property name="java.specification.vendor" value="Oracle Corporation"/>
    <property name="java.version.date" value="2024-01-16"/>
    <property name="java.home" value="/opt/homebrew/Cellar/openjdk/21.0.2/libexec/openjdk.jdk/Contents/Home"/>
    <property name="file.separator" value="/"/>
    <property name="basedir" value="/Users/stefan/GitHub/oidc-sweden/openid-federation-metadata/wallet-entities"/>
    <property name="java.vm.compressedOopsMode" value="Zero based"/>
    <property name="line.separator" value="&#10;"/>
    <property name="java.vm.specification.vendor" value="Oracle Corporation"/>
    <property name="java.specification.name" value="Java Platform API Specification"/>
    <property name="apple.awt.application.name" value="ForkedBooter"/>
    <property name="surefire.real.class.path" value="/Users/stefan/GitHub/oidc-sweden/openid-federation-metadata/wallet-entities/target/surefire/surefirebooter-20250112093048619_8.jar"/>
    <property name="sun.management.compiler" value="HotSpot 64-Bit Tiered Compilers"/>
    <property name="java.runtime.version" value="21.0.2"/>
    <property name="user.name" value="stefan"/>
    <property name="stdout.encoding" value="UTF-8"/>
    <property name="path.separator" value=":"/>
    <property name="os.version" value="14.6.1"/>
    <property name="java.runtime.name" value="OpenJDK Runtime Environment"/>
    <property name="file.encoding" value="UTF-8"/>
    <property name="java.vm.name" value="OpenJDK 64-Bit Server VM"/>
    <property name="java.vendor.version" value="Homebrew"/>
    <property name="localRepository" value="/Users/stefan/.m2/repository"/>
    <property name="java.vendor.url.bug" value="https://github.com/Homebrew/homebrew-core/issues"/>
    <property name="java.io.tmpdir" value="/var/folders/cc/_z23jycs3bd4bt880vhnr8700000gn/T/"/>
    <property name="java.version" value="21.0.2"/>
    <property name="user.dir" value="/Users/stefan/GitHub/oidc-sweden/openid-federation-metadata/wallet-entities"/>
    <property name="os.arch" value="aarch64"/>
    <property name="java.vm.specification.name" value="Java Virtual Machine Specification"/>
    <property name="native.encoding" value="UTF-8"/>
    <property name="java.library.path" value="/Users/stefan/Library/Java/Extensions:/Library/Java/Extensions:/Network/Library/Java/Extensions:/System/Library/Java/Extensions:/usr/lib/java:."/>
    <property name="java.vm.info" value="mixed mode, sharing"/>
    <property name="stderr.encoding" value="UTF-8"/>
    <property name="java.vendor" value="Homebrew"/>
    <property name="java.vm.version" value="21.0.2"/>
    <property name="sun.io.unicode.encoding" value="UnicodeBig"/>
    <property name="java.class.version" value="65.0"/>
  </properties>
  <testcase name="testClientOAuthMetadata" classname="se.oidc.oidfed.md.wallet.credentialissuer.WalletOAuthClientMetadataTest" time="0.034">
    <system-err><![CDATA[[main] INFO se.oidc.oidfed.md.wallet.credentialissuer.WalletOAuthClientMetadataTest - Client metadata: 
{
  "organization_name" : "Organization inc",
  "grant_types" : [ "grant1", "grant2" ],
  "organization_name#sv" : "Organisation AB",
  "organization_name#en" : "Organization inc",
  "scope" : "scope"
}
]]></system-err>
  </testcase>
  <testcase name="testWalletMetadata" classname="se.oidc.oidfed.md.wallet.credentialissuer.WalletOAuthClientMetadataTest" time="0.004">
    <system-err><![CDATA[[main] INFO se.oidc.oidfed.md.wallet.credentialissuer.WalletOAuthClientMetadataTest - Client metadata: 
{
  "credential_offer_endpoint" : "https://example.com/credential-offer-endpoint",
  "grant_types" : [ "grant1", "grant2" ],
  "organization_name#sv" : "Organisation AB",
  "scope" : "scope",
  "organization_name" : "Organization inc",
  "organization_name#en" : "Organization inc"
}
]]></system-err>
  </testcase>
  <testcase name="testReaslisticWalletMetadata" classname="se.oidc.oidfed.md.wallet.credentialissuer.WalletOAuthClientMetadataTest" time="0.22">
    <system-err><![CDATA[[main] INFO se.oidc.oidfed.md.wallet.credentialissuer.WalletOAuthClientMetadataTest - Client metadata: 
{
  "software_id" : "se-eudiwallet",
  "redirect_uris" : [ "https://example.com/redirectUri" ],
  "software_version" : "0.0.1",
  "jwks" : {
    "keys" : [ {
      "kty" : "EC",
      "crv" : "P-256",
      "kid" : "wallet-1",
      "x" : "VAIwQDxtPfh_057RJTW2WLafL9q9zQOr7krIt50c-hQ",
      "y" : "SawPLbJ_tb_iTS9tGXuR6iteg1uhYo1Brra4nlUYqJw"
    } ]
  },
  "grant_types" : [ "authorization_code" ],
  "token_endpoint_auth_method" : "private_key_jwt"
}
]]></system-err>
  </testcase>
</testsuite>