<?xml version="1.0" encoding="UTF-8"?>
<testsuite xmlns:xsi="http://www.w3.org/2001/XMLSchema-instance" xsi:noNamespaceSchemaLocation="https://maven.apache.org/surefire/maven-surefire-plugin/xsd/surefire-test-report.xsd" version="3.0.2" name="se.oidc.oidfed.md.wallet.credentialissuer.CredentialIssuerMetadataTest" time="0.338" tests="3" errors="0" skipped="0" failures="0">
  <properties>
    <property name="java.specification.version" value="21"/>
    <property name="sun.jnu.encoding" value="UTF-8"/>
    <property name="java.class.path" value="/Users/stefan/GitHub/oidc-sweden/openid-federation-metadata/wallet-entities/target/test-classes:/Users/stefan/GitHub/oidc-sweden/openid-federation-metadata/wallet-entities/target/classes:/Users/stefan/GitHub/oidc-sweden/openid-federation-metadata/metadata-base/target/metadata-base-1.0.0.jar:/Users/stefan/.m2/repository/org/bouncycastle/bcpkix-jdk18on/1.79/bcpkix-jdk18on-1.79.jar:/Users/stefan/.m2/repository/org/bouncycastle/bcutil-jdk18on/1.79/bcutil-jdk18on-1.79.jar:/Users/stefan/.m2/repository/com/fasterxml/jackson/core/jackson-annotations/2.18.2/jackson-annotations-2.18.2.jar:/Users/stefan/.m2/repository/com/fasterxml/jackson/core/jackson-core/2.18.2/jackson-core-2.18.2.jar:/Users/stefan/.m2/repository/com/nimbusds/nimbus-jose-jwt/10.0.1/nimbus-jose-jwt-10.0.1.jar:/Users/stefan/.m2/repository/org/apache/commons/commons-lang3/3.17.0/commons-lang3-3.17.0.jar:/Users/stefan/.m2/repository/org/apache/commons/commons-collections4/4.4/commons-collections4-4.4.jar:/Users/stefan/.m2/repository/com/fasterxml/jackson/core/jackson-databind/2.18.2/jackson-databind-2.18.2.jar:/Users/stefan/.m2/repository/org/skyscreamer/jsonassert/1.5.3/jsonassert-1.5.3.jar:/Users/stefan/.m2/repository/com/vaadin/external/google/android-json/0.0.20131108.vaadin1/android-json-0.0.20131108.vaadin1.jar:/Users/stefan/.m2/repository/jakarta/annotation/jakarta.annotation-api/3.0.0/jakarta.annotation-api-3.0.0.jar:/Users/stefan/.m2/repository/org/slf4j/slf4j-api/2.0.16/slf4j-api-2.0.16.jar:/Users/stefan/.m2/repository/org/projectlombok/lombok/1.18.36/lombok-1.18.36.jar:/Users/stefan/.m2/repository/org/junit/jupiter/junit-jupiter/5.11.3/junit-jupiter-5.11.3.jar:/Users/stefan/.m2/repository/org/junit/jupiter/junit-jupiter-api/5.11.3/junit-jupiter-api-5.11.3.jar:/Users/stefan/.m2/repository/org/opentest4j/opentest4j/1.3.0/opentest4j-1.3.0.jar:/Users/stefan/.m2/repository/org/junit/platform/junit-platform-commons/1.11.3/junit-platform-commons-1.11.3.jar:/Users/stefan/.m2/repository/org/apiguardian/apiguardian-api/1.1.2/apiguardian-api-1.1.2.jar:/Users/stefan/.m2/repository/org/junit/jupiter/junit-jupiter-params/5.11.3/junit-jupiter-params-5.11.3.jar:/Users/stefan/.m2/repository/org/junit/jupiter/junit-jupiter-engine/5.11.3/junit-jupiter-engine-5.11.3.jar:/Users/stefan/.m2/repository/org/junit/platform/junit-platform-engine/1.11.3/junit-platform-engine-1.11.3.jar:/Users/stefan/.m2/repository/org/mockito/mockito-core/5.14.2/mockito-core-5.14.2.jar:/Users/stefan/.m2/repository/net/bytebuddy/byte-buddy/1.15.4/byte-buddy-1.15.4.jar:/Users/stefan/.m2/repository/net/bytebuddy/byte-buddy-agent/1.15.4/byte-buddy-agent-1.15.4.jar:/Users/stefan/.m2/repository/org/objenesis/objenesis/3.3/objenesis-3.3.jar:/Users/stefan/.m2/repository/org/slf4j/slf4j-simple/2.0.16/slf4j-simple-2.0.16.jar:/Users/stefan/.m2/repository/se/swedenconnect/security/credentials-support/2.0.1/credentials-support-2.0.1.jar:/Users/stefan/.m2/repository/org/cryptacular/cryptacular/1.2.7/cryptacular-1.2.7.jar:/Users/stefan/.m2/repository/org/bouncycastle/bcprov-jdk18on/1.79/bcprov-jdk18on-1.79.jar:"/>
    <property name="java.vm.vendor" value="Homebrew"/>
    <property name="sun.arch.data.model" value="64"/>
    <property name="java.vendor.url" value="https://github.com/Homebrew/homebrew-core/issues"/>
    <property name="user.timezone" value="Europe/Stockholm"/>
    <property name="os.name" value="Mac OS X"/>
    <property name="java.vm.specification.version" value="21"/>
    <property name="sun.java.launcher" value="SUN_STANDARD"/>
    <property name="user.country" value="SE"/>
    <property name="sun.boot.library.path" value="/opt/homebrew/Cellar/openjdk/21.0.2/libexec/openjdk.jdk/Contents/Home/lib"/>
    <property name="sun.java.command" value="/Users/stefan/GitHub/oidc-sweden/openid-federation-metadata/wallet-entities/target/surefire/surefirebooter-20250112093048619_8.jar /Users/stefan/GitHub/oidc-sweden/openid-federation-metadata/wallet-entities/target/surefire 2025-01-12T09-30-45_750-jvmRun1 surefire-20250112093048619_6tmp surefire_1-20250112093048619_7tmp"/>
    <property name="jdk.debug" value="release"/>
    <property name="surefire.test.class.path" value="/Users/stefan/GitHub/oidc-sweden/openid-federation-metadata/wallet-entities/target/test-classes:/Users/stefan/GitHub/oidc-sweden/openid-federation-metadata/wallet-entities/target/classes:/Users/stefan/GitHub/oidc-sweden/openid-federation-metadata/metadata-base/target/metadata-base-1.0.0.jar:/Users/stefan/.m2/repository/org/bouncycastle/bcpkix-jdk18on/1.79/bcpkix-jdk18on-1.79.jar:/Users/stefan/.m2/repository/org/bouncycastle/bcutil-jdk18on/1.79/bcutil-jdk18on-1.79.jar:/Users/stefan/.m2/repository/com/fasterxml/jackson/core/jackson-annotations/2.18.2/jackson-annotations-2.18.2.jar:/Users/stefan/.m2/repository/com/fasterxml/jackson/core/jackson-core/2.18.2/jackson-core-2.18.2.jar:/Users/stefan/.m2/repository/com/nimbusds/nimbus-jose-jwt/10.0.1/nimbus-jose-jwt-10.0.1.jar:/Users/stefan/.m2/repository/org/apache/commons/commons-lang3/3.17.0/commons-lang3-3.17.0.jar:/Users/stefan/.m2/repository/org/apache/commons/commons-collections4/4.4/commons-collections4-4.4.jar:/Users/stefan/.m2/repository/com/fasterxml/jackson/core/jackson-databind/2.18.2/jackson-databind-2.18.2.jar:/Users/stefan/.m2/repository/org/skyscreamer/jsonassert/1.5.3/jsonassert-1.5.3.jar:/Users/stefan/.m2/repository/com/vaadin/external/google/android-json/0.0.20131108.vaadin1/android-json-0.0.20131108.vaadin1.jar:/Users/stefan/.m2/repository/jakarta/annotation/jakarta.annotation-api/3.0.0/jakarta.annotation-api-3.0.0.jar:/Users/stefan/.m2/repository/org/slf4j/slf4j-api/2.0.16/slf4j-api-2.0.16.jar:/Users/stefan/.m2/repository/org/projectlombok/lombok/1.18.36/lombok-1.18.36.jar:/Users/stefan/.m2/repository/org/junit/jupiter/junit-jupiter/5.11.3/junit-jupiter-5.11.3.jar:/Users/stefan/.m2/repository/org/junit/jupiter/junit-jupiter-api/5.11.3/junit-jupiter-api-5.11.3.jar:/Users/stefan/.m2/repository/org/opentest4j/opentest4j/1.3.0/opentest4j-1.3.0.jar:/Users/stefan/.m2/repository/org/junit/platform/junit-platform-commons/1.11.3/junit-platform-commons-1.11.3.jar:/Users/stefan/.m2/repository/org/apiguardian/apiguardian-api/1.1.2/apiguardian-api-1.1.2.jar:/Users/stefan/.m2/repository/org/junit/jupiter/junit-jupiter-params/5.11.3/junit-jupiter-params-5.11.3.jar:/Users/stefan/.m2/repository/org/junit/jupiter/junit-jupiter-engine/5.11.3/junit-jupiter-engine-5.11.3.jar:/Users/stefan/.m2/repository/org/junit/platform/junit-platform-engine/1.11.3/junit-platform-engine-1.11.3.jar:/Users/stefan/.m2/repository/org/mockito/mockito-core/5.14.2/mockito-core-5.14.2.jar:/Users/stefan/.m2/repository/net/bytebuddy/byte-buddy/1.15.4/byte-buddy-1.15.4.jar:/Users/stefan/.m2/repository/net/bytebuddy/byte-buddy-agent/1.15.4/byte-buddy-agent-1.15.4.jar:/Users/stefan/.m2/repository/org/objenesis/objenesis/3.3/objenesis-3.3.jar:/Users/stefan/.m2/repository/org/slf4j/slf4j-simple/2.0.16/slf4j-simple-2.0.16.jar:/Users/stefan/.m2/repository/se/swedenconnect/security/credentials-support/2.0.1/credentials-support-2.0.1.jar:/Users/stefan/.m2/repository/org/cryptacular/cryptacular/1.2.7/cryptacular-1.2.7.jar:/Users/stefan/.m2/repository/org/bouncycastle/bcprov-jdk18on/1.79/bcprov-jdk18on-1.79.jar:"/>
    <property name="sun.cpu.endian" value="little"/>
    <property name="user.home" value="/Users/stefan"/>
    <property name="user.language" value="en"/>
    <property name="java.specification.vendor" value="Oracle Corporation"/>
    <property name="java.version.date" value="2024-01-16"/>
    <property name="java.home" value="/opt/homebrew/Cellar/openjdk/21.0.2/libexec/openjdk.jdk/Contents/Home"/>
    <property name="file.separator" value="/"/>
    <property name="basedir" value="/Users/stefan/GitHub/oidc-sweden/openid-federation-metadata/wallet-entities"/>
    <property name="java.vm.compressedOopsMode" value="Zero based"/>
    <property name="line.separator" value="&#10;"/>
    <property name="java.vm.specification.vendor" value="Oracle Corporation"/>
    <property name="java.specification.name" value="Java Platform API Specification"/>
    <property name="apple.awt.application.name" value="ForkedBooter"/>
    <property name="surefire.real.class.path" value="/Users/stefan/GitHub/oidc-sweden/openid-federation-metadata/wallet-entities/target/surefire/surefirebooter-20250112093048619_8.jar"/>
    <property name="sun.management.compiler" value="HotSpot 64-Bit Tiered Compilers"/>
    <property name="java.runtime.version" value="21.0.2"/>
    <property name="user.name" value="stefan"/>
    <property name="stdout.encoding" value="UTF-8"/>
    <property name="path.separator" value=":"/>
    <property name="os.version" value="14.6.1"/>
    <property name="java.runtime.name" value="OpenJDK Runtime Environment"/>
    <property name="file.encoding" value="UTF-8"/>
    <property name="java.vm.name" value="OpenJDK 64-Bit Server VM"/>
    <property name="java.vendor.version" value="Homebrew"/>
    <property name="localRepository" value="/Users/stefan/.m2/repository"/>
    <property name="java.vendor.url.bug" value="https://github.com/Homebrew/homebrew-core/issues"/>
    <property name="java.io.tmpdir" value="/var/folders/cc/_z23jycs3bd4bt880vhnr8700000gn/T/"/>
    <property name="java.version" value="21.0.2"/>
    <property name="user.dir" value="/Users/stefan/GitHub/oidc-sweden/openid-federation-metadata/wallet-entities"/>
    <property name="os.arch" value="aarch64"/>
    <property name="java.vm.specification.name" value="Java Virtual Machine Specification"/>
    <property name="native.encoding" value="UTF-8"/>
    <property name="java.library.path" value="/Users/stefan/Library/Java/Extensions:/Library/Java/Extensions:/Network/Library/Java/Extensions:/System/Library/Java/Extensions:/usr/lib/java:."/>
    <property name="java.vm.info" value="mixed mode, sharing"/>
    <property name="stderr.encoding" value="UTF-8"/>
    <property name="java.vendor" value="Homebrew"/>
    <property name="java.vm.version" value="21.0.2"/>
    <property name="sun.io.unicode.encoding" value="UnicodeBig"/>
    <property name="java.class.version" value="65.0"/>
  </properties>
  <testcase name="testIsoMdlCredentialIssuerMetadata" classname="se.oidc.oidfed.md.wallet.credentialissuer.CredentialIssuerMetadataTest" time="0.297">
    <system-err><![CDATA[[main] INFO se.oidc.oidfed.md.wallet.credentialissuer.CredentialIssuerMetadataTest - ISO mDL Credential Issuer Metadata: 
{
  "signed_metadata" : "signed_metadata_jwt",
  "credential_issuer" : "https://example.com/credential-issuer",
  "credential_response_encryption" : {
    "alg_values_supported" : [ "RS256", "ES256" ],
    "enc_values_supported" : [ "algo1", "algo2" ],
    "encryption_required" : false
  },
  "display" : {
    "name" : "Credential Issuer Name",
    "locale" : "en",
    "logo" : {
      "uri" : "https://example.com/logo",
      "alt_text" : "Logo"
    }
  },
  "batch_credential_issuance" : {
    "batch_size" : 100
  },
  "notification_endpoint" : "https://example.com/notification-endpoint",
  "credential_configurations_supported" : {
    "org.iso.18013.5.1.mDL" : {
      "format" : "vc+sd-jwt",
      "scope" : "org.iso.18013.5.1.mDL",
      "cryptographic_binding_methods_supported" : [ "binding1", "binding2" ],
      "credential_signing_alg_values_supported" : [ "RS256", "ES256" ],
      "proof_types_supported" : {
        "jwt" : {
          "proof_signing_alg_values_supported" : [ "ES256" ]
        }
      },
      "display" : [ {
        "name" : "Credential name",
        "locale" : "sv",
        "logo" : {
          "uri" : "https://example.com/logo",
          "alt_text" : "Logo"
        },
        "description" : "Description",
        "background_color" : "#000000",
        "background_image" : {
          "uri" : "https://example.com/background-image"
        },
        "text_color" : "#FFFFFF"
      } ],
      "doctype" : "org.iso.18013.5.1.mDL",
      "claims" : {
        "org.iso.18013.5.1" : {
          "given_name" : {
            "mandatory" : true,
            "value_type" : "text",
            "display" : [ {
              "name" : "Given Name",
              "locale" : "en"
            }, {
              "name" : "Förnamn",
              "locale" : "sv"
            } ]
          },
          "family_name" : {
            "mandatory" : true,
            "value_type" : "text",
            "display" : [ {
              "name" : "Surname",
              "locale" : "en"
            }, {
              "name" : "Efternamn",
              "locale" : "sv"
            } ]
          }
        },
        "org.iso.18013.5.1.aamva" : {
          "organ_donor" : { }
        }
      },
      "order" : [ "given_name", "family_name" ]
    }
  },
  "deferred_credential_endpoint" : "https://example.com/deferred-credential-endpoint",
  "authorization_servers" : [ "https://example.com/as-server" ],
  "credential_endpoint" : "https://example.com/credential-endpoint"
}
]]></system-err>
  </testcase>
  <testcase name="testJsonLdCredentialIssuerMetadata" classname="se.oidc.oidfed.md.wallet.credentialissuer.CredentialIssuerMetadataTest" time="0.007">
    <system-err><![CDATA[[main] INFO se.oidc.oidfed.md.wallet.credentialissuer.CredentialIssuerMetadataTest - JSON-LD Credential Issuer Metadata: 
{
  "signed_metadata" : "signed_metadata_jwt",
  "credential_issuer" : "https://example.com/credential-issuer",
  "credential_response_encryption" : {
    "alg_values_supported" : [ "RS256", "ES256" ],
    "enc_values_supported" : [ "algo1", "algo2" ],
    "encryption_required" : false
  },
  "display" : {
    "name" : "Credential Issuer Name",
    "locale" : "en",
    "logo" : {
      "uri" : "https://example.com/logo",
      "alt_text" : "Logo"
    }
  },
  "batch_credential_issuance" : {
    "batch_size" : 100
  },
  "notification_endpoint" : "https://example.com/notification-endpoint",
  "credential_configurations_supported" : {
    "UniversityDegree_LDP_VC" : {
      "format" : "ldp_vc",
      "scope" : "UniversityDegree_LDP_VC",
      "cryptographic_binding_methods_supported" : [ "binding1", "binding2" ],
      "credential_signing_alg_values_supported" : [ "RS256", "ES256" ],
      "proof_types_supported" : {
        "jwt" : {
          "proof_signing_alg_values_supported" : [ "ES256" ]
        }
      },
      "display" : [ {
        "name" : "Credential name",
        "locale" : "sv",
        "logo" : {
          "uri" : "https://example.com/logo",
          "alt_text" : "Logo"
        },
        "description" : "Description",
        "background_color" : "#000000",
        "background_image" : {
          "uri" : "https://example.com/background-image"
        },
        "text_color" : "#FFFFFF"
      } ],
      "credential_definition" : {
        "@context" : [ "https://www.w3.org/2018/credentials/v1", "https://www.w3.org/2018/credentials/examples/v1" ],
        "type" : [ "VerifiableCredential", "UniversityDegreeCredential" ],
        "credentialSubject" : {
          "given_name" : {
            "mandatory" : true,
            "value_type" : "text",
            "display" : [ {
              "name" : "Given Name",
              "locale" : "en"
            }, {
              "name" : "Förnamn",
              "locale" : "sv"
            } ]
          },
          "family_name" : {
            "mandatory" : true,
            "value_type" : "text",
            "display" : [ {
              "name" : "Surname",
              "locale" : "en"
            }, {
              "name" : "Efternamn",
              "locale" : "sv"
            } ]
          }
        }
      },
      "order" : [ "given_name", "family_name" ]
    }
  },
  "deferred_credential_endpoint" : "https://example.com/deferred-credential-endpoint",
  "authorization_servers" : [ "https://example.com/as-server" ],
  "credential_endpoint" : "https://example.com/credential-endpoint"
}
]]></system-err>
  </testcase>
  <testcase name="testSdJwtCredentialIssuerMetadata" classname="se.oidc.oidfed.md.wallet.credentialissuer.CredentialIssuerMetadataTest" time="0.004">
    <system-err><![CDATA[[main] INFO se.oidc.oidfed.md.wallet.credentialissuer.CredentialIssuerMetadataTest - JD JWT Credential Issuer Metadata: 
{
  "signed_metadata" : "signed_metadata_jwt",
  "credential_issuer" : "https://example.com/credential-issuer",
  "credential_response_encryption" : {
    "alg_values_supported" : [ "RS256", "ES256" ],
    "enc_values_supported" : [ "algo1", "algo2" ],
    "encryption_required" : false
  },
  "display" : {
    "name" : "Credential Issuer Name",
    "locale" : "en",
    "logo" : {
      "uri" : "https://example.com/logo",
      "alt_text" : "Logo"
    }
  },
  "batch_credential_issuance" : {
    "batch_size" : 100
  },
  "notification_endpoint" : "https://example.com/notification-endpoint",
  "credential_configurations_supported" : {
    "SD_JWT_VC_example_in_OpenID4VCI" : {
      "format" : "vc+sd-jwt",
      "scope" : "SD_JWT_VC_example_in_OpenID4VCI",
      "cryptographic_binding_methods_supported" : [ "binding1", "binding2" ],
      "credential_signing_alg_values_supported" : [ "RS256", "ES256" ],
      "proof_types_supported" : {
        "jwt" : {
          "proof_signing_alg_values_supported" : [ "ES256" ]
        }
      },
      "display" : [ {
        "name" : "Credential name",
        "locale" : "sv",
        "logo" : {
          "uri" : "https://example.com/logo",
          "alt_text" : "Logo"
        },
        "description" : "Description",
        "background_color" : "#000000",
        "background_image" : {
          "uri" : "https://example.com/background-image"
        },
        "text_color" : "#FFFFFF"
      } ],
      "vct" : "SD_JWT_VC_example_in_OpenID4VCI",
      "claims" : {
        "given_name" : {
          "mandatory" : true,
          "value_type" : "text",
          "display" : [ {
            "name" : "Given Name",
            "locale" : "en"
          }, {
            "name" : "Förnamn",
            "locale" : "sv"
          } ]
        },
        "family_name" : {
          "mandatory" : true,
          "value_type" : "text",
          "display" : [ {
            "name" : "Surname",
            "locale" : "en"
          }, {
            "name" : "Efternamn",
            "locale" : "sv"
          } ]
        }
      },
      "order" : [ "given_name", "family_name" ]
    }
  },
  "deferred_credential_endpoint" : "https://example.com/deferred-credential-endpoint",
  "authorization_servers" : [ "https://example.com/as-server" ],
  "credential_endpoint" : "https://example.com/credential-endpoint"
}
]]></system-err>
  </testcase>
</testsuite>